1
肖申克的救赎
月黑高飞(港)  /  刺激1995(台)
导演: 弗兰克·德拉邦特 Frank Darabont主演: 蒂姆·罗宾斯 Tim Robbins /...
1994/美国/犯罪 剧情
9.7
1944879人评价
希望让人自由。
2
霸王别姬
再见，我的妾  /  Farewell My Concubine
导演: 陈凯歌 Kaige Chen主演: 张国荣 Leslie Cheung / 张丰毅 Fengyi Zha...
1993/中国大陆 中国香港/剧情 爱情 同性
9.6
1432756人评价
风华绝代。
3
阿甘正传
福雷斯特·冈普
导演: 罗伯特·泽米吉斯 Robert Zemeckis主演: 汤姆·汉克斯 Tom Hanks / ...
1994/美国/剧情 爱情
9.5
1476537人评价
一部美国近现代史。
4
这个杀手不太冷
杀手莱昂  /  终极追杀令(台)
导演: 吕克·贝松 Luc Besson主演: 让·雷诺 Jean Reno / 娜塔莉·波特曼 ...
1994/法国/剧情 动作 犯罪
9.4
1671216人评价
怪蜀黍和小萝莉不得不说的故事。
5
美丽人生
一个快乐的传说(港)  /  Life Is Beautiful
导演: 罗伯托·贝尼尼 Roberto Benigni主演: 罗伯托·贝尼尼 Roberto Beni...
1997/意大利/剧情 喜剧 爱情 战争
9.5
933292人评价
最美的谎言。
6
泰坦尼克号
铁达尼号(港 / 台)
导演: 詹姆斯·卡梅隆 James Cameron主演: 莱昂纳多·迪卡普里奥 Leonardo...
1997/美国/剧情 爱情 灾难
9.4
1422448人评价
失去的才是永恒的。 
7
千与千寻
神隐少女(台)  /  千与千寻的神隐
导演: 宫崎骏 Hayao Miyazaki主演: 柊瑠美 Rumi Hîragi / 入野自由 Miy...
2001/日本/剧情 动画 奇幻
9.3
1520928人评价
最好的宫崎骏，最好的久石让。 
8
辛德勒的名单
舒特拉的名单(港)  /  辛德勒名单
导演: 史蒂文·斯皮尔伯格 Steven Spielberg主演: 连姆·尼森 Liam Neeson...
1993/美国/剧情 历史 战争
9.5
753795人评价
拯救一个人，就是拯救整个世界。
9
盗梦空间
潜行凶间(港)  /  全面启动(台)
导演: 克里斯托弗·诺兰 Christopher Nolan主演: 莱昂纳多·迪卡普里奥 Le...
2010/美国 英国/剧情 科幻 悬疑 冒险
9.3
1418509人评价
诺兰给了我们一场无法盗取的梦。
10
忠犬八公的故事
忠犬小八(台)  /  秋田犬八千(港)
导演: 莱塞·霍尔斯道姆 Lasse Hallström主演: 理查·基尔 Richard Ger...
2009/美国 英国/剧情
9.4
978221人评价
永远都不能忘记你所爱的人。
11
海上钢琴师
声光伴我飞(港)  /  一九零零的传奇
导演: 朱塞佩·托纳多雷 Giuseppe Tornatore主演: 蒂姆·罗斯 Tim Roth / ...
1998/意大利/剧情 音乐
9.3
1179932人评价
每个人都要走一条自己坚定了的路，就算是粉身碎骨。 
12
机器人总动员
瓦力(台)  /  太空奇兵·威E(港)
导演: 安德鲁·斯坦顿 Andrew Stanton主演: 本·贝尔特 Ben Burtt / 艾丽...
2008/美国/科幻 动画 冒险
9.3
935738人评价
小瓦力，大人生。
13
三傻大闹宝莱坞
三个傻瓜(台)  /  作死不离3兄弟(港)
导演: 拉库马·希拉尼 Rajkumar Hirani主演: 阿米尔·汗 Aamir Khan / 卡...
2009/印度/剧情 喜剧 爱情 歌舞
9.2
1307552人评价
英俊版憨豆，高情商版谢耳朵。
14
楚门的世界
真人Show(港)  /  真人戏
导演: 彼得·威尔 Peter Weir主演: 金·凯瑞 Jim Carrey / 劳拉·琳妮 Lau...
1998/美国/剧情 科幻
9.3
1042581人评价
如果再也不能见到你，祝你早安，午安，晚安。
15
放牛班的春天
歌声伴我心(港)  /  唱诗班男孩
导演: 克里斯托夫·巴拉蒂 Christophe Barratier主演: 热拉尔·朱尼奥 Gé...
2004/法国 瑞士 德国/剧情 音乐
9.3
910082人评价
天籁一般的童声，是最接近上帝的存在。 
16
星际穿越
星际启示录(港)  /  星际效应(台)
导演: 克里斯托弗·诺兰 Christopher Nolan主演: 马修·麦康纳 Matthew Mc...
2014/美国 英国 加拿大 冰岛/剧情 科幻 冒险
9.3
1051441人评价
爱是一种力量，让我们超越时空感知它的存在。
17
大话西游之大圣娶亲
西游记完结篇仙履奇缘  /  齐天大圣西游记
导演: 刘镇伟 Jeffrey Lau主演: 周星驰 Stephen Chow / 吴孟达 Man Tat Ng...
1995/中国香港 中国大陆/喜剧 爱情 奇幻 古装
9.2
1028779人评价
一生所爱。
18
熔炉
无声呐喊(港)  /  漩涡
导演: 黄东赫 Dong-hyuk Hwang主演: 孔侑 Yoo Gong / 郑有美 Yu-mi Jung /...
2011/韩国/剧情
9.3
631726人评价
我们一路奋战不是为了改变世界，而是为了不让世界改变我们。
19
疯狂动物城
优兽大都会(港)  /  动物方城市(台)
导演: 拜伦·霍华德 Byron Howard / 瑞奇·摩尔 Rich Moore主演: 金妮弗·...
2016/美国/喜剧 动画 冒险
9.2
1222135人评价
迪士尼给我们营造的乌托邦就是这样，永远善良勇敢，永远出乎意料。
20
无间道
Infernal Affairs  /  Mou gaan dou
导演: 刘伟强 / 麦兆辉主演: 刘德华 / 梁朝伟 / 黄秋生
2002/中国香港/剧情 犯罪 悬疑
9.2
838866人评价
香港电影史上永不过时的杰作。
21
龙猫
邻居托托罗  /  邻家的豆豆龙
导演: 宫崎骏 Hayao Miyazaki主演: 日高法子 Noriko Hidaka / 坂本千夏 Ch...
1988/日本/动画 奇幻 冒险
9.2
876989人评价
人人心中都有个龙猫，童年就永远不会消失。
22
教父
Mario Puzo&#39;s The Godfather
导演: 弗朗西斯·福特·科波拉 Francis Ford Coppola主演: 马龙·白兰度 M...
1972/美国/剧情 犯罪
9.3
641951人评价
千万不要记恨你的对手，这样会让你失去理智。
23
当幸福来敲门
寻找快乐的故事(港)  /  追求快乐
导演: 加布里尔·穆奇诺 Gabriele Muccino主演: 威尔·史密斯 Will Smith ...
2006/美国/剧情 传记 家庭
9.1
1047155人评价
平民励志片。 
24
怦然心动
萌动青春  /  青春萌动
导演: 罗伯·莱纳 Rob Reiner主演: 玛德琳·卡罗尔 Madeline Carroll / 卡...
2010/美国/剧情 喜剧 爱情
9.1
1210920人评价
真正的幸福是来自内心深处。
25
触不可及
闪亮人生(港)  /  逆转人生(台)
导演: 奥利维·那卡什 Olivier Nakache / 艾力克·托兰达 Eric Toledano主...
2011/法国/剧情 喜剧
9.2
684124人评价
满满温情的高雅喜剧。
26
蝙蝠侠：黑暗骑士
蝙蝠侠前传2：黑暗骑士  /  黑暗骑士(台)
导演: 克里斯托弗·诺兰 Christopher Nolan主演: 克里斯蒂安·贝尔 Christ...
2008/美国 英国/剧情 动作 科幻 犯罪 惊悚
9.2
705371人评价
无尽的黑暗。
27
控方证人
雄才伟略  /  情妇
导演: 比利·怀尔德 Billy Wilder主演: 泰隆·鲍华 Tyrone Power / 玛琳·...
1957/美国/剧情 犯罪 悬疑
9.6
266275人评价
比利·怀德满分作品。
28
活着
人生  /  Lifetimes
导演: 张艺谋 Yimou Zhang主演: 葛优 You Ge / 巩俐 Li Gong / 姜武 Wu Jiang
1994/中国大陆 中国香港/剧情 历史 家庭
9.2
544608人评价
张艺谋最好的电影。
29
乱世佳人
飘
导演: 维克多·弗莱明 Victor Fleming / 乔治·库克 George Cukor主演: 费...
1939/美国/剧情 历史 爱情 战争
9.3
468012人评价
Tomorrow is another day.
30
寻梦环游记
可可夜总会(台)  /  玩转极乐园(港)
导演: 李·昂克里奇 Lee Unkrich / 阿德里安·莫利纳 Adrian Molina主演: ...
2017/美国/喜剧 动画 奇幻 音乐
9.1
1017442人评价
死亡不是真的逝去，遗忘才是永恒的消亡。
31
末代皇帝
末代皇帝溥仪(港)
导演: 贝纳尔多·贝托鲁奇 Bernardo Bertolucci主演: 尊龙 John Lone / 陈...
1987/英国 意大利 中国大陆 法国/剧情 传记 历史
9.2
483025人评价
“不要跟我比惨，我比你更惨”再适合这部电影不过了。
32
摔跤吧！爸爸
我和我的冠军女儿(台)  /  打死不离3父女(港)
导演: 涅提·蒂瓦里 Nitesh Tiwari主演: 阿米尔·汗 Aamir Khan / 法缇玛...
2016/印度/剧情 传记 运动 家庭
9.0
1064961人评价
你不是在为你一个人战斗，你要让千千万万的女性看到女生并不是只能相夫教子。
33
少年派的奇幻漂流
少年Pi的奇幻漂流  /  漂流少年Pi
导演: 李安 Ang Lee主演: 苏拉·沙玛 Suraj Sharma / 伊尔凡·可汗 Irrfan...
2012/美国 中国台湾 英国 加拿大/剧情 奇幻 冒险
9.1
995264人评价
瑰丽壮观、无人能及的冒险之旅。
34
指环王3：王者无敌
魔戒三部曲：王者再临(台 / 港) 
导演: 彼得·杰克逊 Peter Jackson主演: 维果·莫腾森 Viggo Mortensen / ...
2003/美国 新西兰/剧情 动作 奇幻 冒险
9.2
515450人评价
史诗的终章。
35
飞屋环游记
冲天救兵(港)  /  天外奇迹(台)
导演: 彼特·道格特 Pete Docter / 鲍勃·彼德森 Bob Peterson主演: 爱德...
2009/美国/剧情 喜剧 动画 冒险
9.0
923080人评价
最后那些最无聊的事情，才是最值得怀念的。 
36
何以为家
迦百农  /  星仔打官司(港)
导演: 娜丁·拉巴基 Nadine Labaki主演: 扎因·拉费阿 Zain al-Rafeea / ...
2018/黎巴嫩 法国 美国/剧情
9.1
606188人评价
凝视卑弱生命，用电影改变命运。
37
十二怒汉
12怒汉  /  十二怒汉
导演: Sidney Lumet主演: 亨利·方达 Henry Fonda / 马丁·鲍尔萨姆 Marti...
1957/美国/剧情
9.4
310881人评价
1957年的理想主义。 
38
鬼子来了
Devils on the Doorstep
导演: 姜文 Wen Jiang主演: 姜文 Wen Jiang / 香川照之 Teruyuki Kagawa /...
2000/中国大陆/剧情 历史 战争
9.2
426927人评价
对敌人的仁慈，就是对自己残忍。
39
天空之城
Tenkû no shiro Rapyuta  /  Laputa: Castle in the Sky
导演: 宫崎骏 Hayao Miyazaki主演: 田中真弓 Mayumi Tanaka / 横泽启子 Ke...
1986/日本/动画 奇幻 冒险
9.1
586408人评价
对天空的追逐，永不停止。 
40
大话西游之月光宝盒
西游记101回月光宝盒  /  齐天大圣东游记
导演: 刘镇伟 Jeffrey Lau主演: 周星驰 Stephen Chow / 吴孟达 Man Tat Ng...
1995/中国香港 中国大陆/喜剧 爱情 奇幻 古装
9.0
827058人评价
旷古烁今。
41
哈尔的移动城堡
哈尔移动城堡(港)  /  呼啸山城
导演: 宫崎骏 Hayao Miyazaki主演: 倍赏千惠子 Chieko Baishô / 木村拓...
2004/日本/动画 奇幻 冒险
9.0
670672人评价
带着心爱的人在天空飞翔。
42
天堂电影院
星光伴我心(港)  /  新天堂乐园(台)
导演: 朱塞佩·托纳多雷 Giuseppe Tornatore主演: 安东内拉·阿蒂利 Anton...
1988/意大利 法国/剧情 爱情
9.2
464924人评价
那些吻戏，那些青春，都在影院的黑暗里被泪水冲刷得无比清晰。
43
素媛
许愿  /  希望：为爱重生(台)
导演: 李濬益 Jun-ik Lee主演: 薛景求 Kyung-gu Sol / 严志媛 Ji-won Uhm ...
2013/韩国/剧情
9.2
418778人评价
受过伤害的人总是笑得最开心，因为他们不愿意让身边的人承受一样的痛苦。
44
罗马假日
金枝玉叶(港)  /  罗马假期(台)
导演: 威廉·惠勒 William Wyler主演: 奥黛丽·赫本 Audrey Hepburn / 格...
1953/美国/喜剧 剧情 爱情
9.0
676474人评价
爱情哪怕只有一天。
45
闻香识女人
女人香  /  女人的芳香
导演: 马丁·布莱斯 Martin Brest主演: 阿尔·帕西诺 Al Pacino / 克里斯...
1992/美国/剧情
9.1
587072人评价
史上最美的探戈。
46
辩护人
逆权大状(港)  /  正义辩护人(台)
导演: 杨宇硕 Woo-seok Yang主演: 宋康昊 Kang-ho Song / 金英爱 Yeong-ae...
2013/韩国/剧情
9.2
418414人评价
电影的现实意义大过电影本身。
47
搏击俱乐部
搏击会(港)  /  斗阵俱乐部(台)
导演: 大卫·芬奇 David Fincher主演: 爱德华·诺顿 Edward Norton / 布拉...
1999/美国 德国/剧情 动作 悬疑 惊悚
9.0
614787人评价
邪恶与平庸蛰伏于同一个母体，在特定的时间互相对峙。
48
哈利·波特与魔法石
哈利波特1：神秘的魔法石(港 / 台) 
导演: Chris Columbus主演: Daniel Radcliffe / Emma Watson / Rupert Grint
2001/美国 英国/奇幻 冒险
9.0
621397人评价
童话世界的开端。
49
死亡诗社
暴雨骄阳(港)  /  春风化雨(台)
导演: 彼得·威尔 Peter Weir主演: 罗宾·威廉姆斯 Robin Williams / 罗伯...
1989/美国/剧情
9.1
481374人评价
当一个死水般的体制内出现一个活跃的变数时，所有的腐臭都站在了光明的对面。
50
我不是药神
中国药神  /  印度药神
导演: 文牧野 Muye Wen主演: 徐峥 Zheng Xu / 王传君 Chuanjun Wang / 周...
2018/中国大陆/剧情 喜剧
9.0
1435130人评价
对我们国家而言，这样的电影多一部是一部。
51
教父2
教父续集  /  教父II
导演: 弗朗西斯·福特·科波拉 Francis Ford Coppola主演: 阿尔·帕西诺 A...
1974/美国/剧情 犯罪
9.2
353933人评价
优雅的孤独。
52
窃听风暴
窃听者(港)  /  他人的生活
导演: 弗洛里安·亨克尔·冯·多纳斯马尔克 Florian Henckel von Donnersmarck&n...
2006/德国/剧情 悬疑
9.1
396512人评价
别样人生。
53
狮子王
狮子王3D
导演: Roger Allers / 罗伯·明可夫 Rob Minkoff主演: 乔纳森·泰勒·托马...
1994/美国/动画 冒险 歌舞
9.0
545208人评价
动物版《哈姆雷特》。
54
指环王2：双塔奇兵
魔戒二部曲：双城奇谋  /  指环王II：双塔
导演: 彼得·杰克逊 Peter Jackson主演: 伊利亚·伍德 Elijah Wood / 西恩...
2002/美国 新西兰/剧情 动作 奇幻 冒险
9.1
472237人评价
承前启后的史诗篇章。
55
大闹天宫
大闹天宫 上下集  /  The Monkey King
导演: 万籁鸣 Laiming Wan / 唐澄 Cheng  Tang主演: 邱岳峰 Yuefeng Qiu /...
1961(中国大陆) / 1964(中国大陆) / 1978(中国大陆) / 2004(中国大陆)/中国大陆/动画 奇幻
9.3
256288人评价
经典之作，历久弥新。
56
指环王1：魔戒再现
魔戒首部曲：魔戒现身  /  指环王I：护戒使者
导演: 彼得·杰克逊 Peter Jackson主演: 伊利亚·伍德 Elijah Wood / 西恩...
2001/新西兰 美国/剧情 动作 奇幻 冒险
9.0
531052人评价
传说的开始。
57
两杆大烟枪
够姜四小强(港)  /  两根枪管(台)
导演: Guy Ritchie主演: Jason Flemyng / Dexter Fletcher / Nick Moran
1998/英国/剧情 喜剧 犯罪
9.1
420840人评价
4个臭皮匠顶个诸葛亮，盖·里奇果然不是盖的。
58
美丽心灵
有你终生美丽(港)  /  美丽境界(台)
导演: 朗·霍华德 Ron Howard主演: 罗素·克劳 Russell Crowe / 艾德·哈...
2001/美国/传记 剧情
9.0
522035人评价
爱是一切逻辑和原由。
59
飞越疯人院
飞越杜鹃窝(台)  /  飞越喜鹊巢
导演: 米洛斯·福尔曼 Miloš Forman主演: 杰克·尼科尔森 Jack Nichols...
1975/美国/剧情
9.1
419877人评价
自由万岁。
60
饮食男女
Eat Drink Man Woman
导演: 李安 Ang Lee主演: 郎雄 Sihung Lung / 杨贵媚 Kuei-Mei Yang / 吴...
1994/中国台湾 美国/剧情 家庭
9.1
386958人评价
人生不能像做菜，把所有的料都准备好了才下锅。
61
V字仇杀队
V煞(港)  /  V怪客(台)
导演: 詹姆斯·麦克特格 James McTeigue主演: 娜塔莉·波特曼 Natalie Por...
2005/美国 英国 德国/剧情 动作 科幻 惊悚
8.9
737100人评价
一张面具背后的理想与革命。
62
黑客帝国
廿二世纪杀人网络(港)  /  骇客任务(台)
导演: 安迪·沃卓斯基 Andy Wachowski / 拉娜·沃卓斯基 Lana Wachowski主...
1999/美国 澳大利亚/动作 科幻
9.0
531364人评价
视觉革命。
63
猫鼠游戏
逍遥法外  /  神鬼交锋(台)
导演: 史蒂文·斯皮尔伯格 Steven Spielberg主演: 莱昂纳多·迪卡普里奥 L...
2002/美国 加拿大/传记 犯罪 剧情
9.0
534353人评价
骗子大师和执著警探的你追我跑故事。 
64
钢琴家
战地琴声(台)  /  战地琴人
导演: 罗曼·波兰斯基 Roman Polanski主演: 艾德里安·布洛迪 Adrien Brod...
2002/法国 德国 英国 波兰/剧情 传记 历史 战争 音乐
9.1
349739人评价
音乐能化解仇恨。
65
本杰明·巴顿奇事
奇幻逆缘(港)  /  班杰明的奇幻旅程(台)
导演: 大卫·芬奇 David Fincher主演: 凯特·布兰切特 Cate Blanchett / ...
2008/美国/剧情 爱情 奇幻
8.9
682436人评价
在时间之河里感受溺水之苦。
66
看不见的客人
佈局(台)  /  死无对证(港)
导演: 奥里奥尔·保罗 Oriol Paulo主演: 马里奥·卡萨斯 Mario Casas / 阿...
2016/西班牙/剧情 犯罪 悬疑 惊悚
8.8
791917人评价
你以为你以为的就是你以为的。
67
让子弹飞
让子弹飞一会儿  /  火烧云
导演: 姜文 Wen Jiang主演: 姜文 Wen Jiang / 葛优 You Ge / 周润发 Yun-F...
2010/中国大陆 中国香港/剧情 喜剧 动作 西部
8.8
1108695人评价
你给我翻译翻译，神马叫做TMD的惊喜。
68
西西里的美丽传说
真爱伴我行(台)  /  玛莲娜
导演: 朱塞佩·托纳多雷 Giuseppe Tornatore主演: 莫妮卡·贝鲁奇 Monica ...
2000/意大利 美国/剧情 战争 情色
8.9
668067人评价
美丽无罪。
69
海豚湾
血色海湾(台)  /  海湾
导演: 路易·西霍尤斯 Louie Psihoyos主演: Richard O'Barry / 路易·西霍...
2009/美国/纪录片
9.3
277655人评价
海豚的微笑，是世界上最高明的伪装。
70
小鞋子
天堂的孩子  /  小童鞋
导演: 马基德·马基迪 Majid Majidi主演: 法拉赫阿米尔·哈什米安 Amir Fa...
1997/伊朗/剧情 儿童 家庭
9.2
271540人评价
奔跑的孩子是天使。
71
拯救大兵瑞恩
雷霆救兵(港)  /  抢救雷恩大兵(台)
导演: 史蒂文·斯皮尔伯格 Steven Spielberg主演: 汤姆·汉克斯 Tom Hanks...
1998/美国/剧情 历史 战争
9.0
440862人评价
美利坚精神输出大片No1.
72
情书
When I Close My Eyes  /  Letters of Love
导演: 岩井俊二 Shunji Iwai主演: 中山美穗 Miho Nakayama / 丰川悦司 Ets...
1995/日本/剧情 爱情
8.9
627937人评价
暗恋的极致。
73
音乐之声
仙乐飘飘处处闻(港)  /  真善美(台)
导演: 罗伯特·怀斯 Robert Wise主演: 朱莉·安德鲁斯 Julie Andrews / 克...
1965/美国/剧情 传记 爱情 歌舞
9.0
407977人评价
用音乐化解仇恨，让歌声串起美好。
74
美国往事
四海兄弟(台)  /  义薄云天(港)
导演: 赛尔乔·莱翁内 Sergio Leone主演: 罗伯特·德尼罗 Robert De Niro ...
1984/美国 意大利/犯罪 剧情
9.2
290386人评价
往事如烟，无处祭奠。
75
穿条纹睡衣的男孩
穿条纹衣服的男孩  /  穿条纹衣的男孩
导演: 马克·赫尔曼 Mark Herman主演: 阿萨·巴特菲尔德 Asa Butterfield ...
2008/英国 美国/剧情 战争
9.1
333866人评价
尽管有些不切实际的幻想，这部电影依旧是一部感人肺腑的佳作。
76
致命魔术
顶尖对决(台)  /  死亡魔法(港)
导演: 克里斯托弗·诺兰 Christopher Nolan主演: 休·杰克曼 Hugh Jackman...
2006/美国 英国/剧情 悬疑 惊悚
8.9
583522人评价
孪生蝙蝠侠大战克隆金刚狼。
77
绿皮书
绿簿旅友(港)  /  幸福绿皮书(台)
导演: 彼得·法雷里 Peter Farrelly主演: 维果·莫腾森 Viggo Mortensen /...
2018/美国/剧情 喜剧 传记
8.9
1015572人评价
去除成见，需要勇气。
78
七宗罪
火线追缉令(台)  /  7宗罪
导演: 大卫·芬奇 David Fincher主演: 摩根·弗里曼 Morgan Freeman / 布...
1995/美国/剧情 犯罪 悬疑 惊悚
8.8
680683人评价
警察抓小偷，老鼠玩死猫。
79
低俗小说
黑色追緝令(台)  /  危险人物(港)
导演: 昆汀·塔伦蒂诺 Quentin Tarantino主演: 约翰·特拉沃尔塔 John Tra...
1994/美国/剧情 喜剧 犯罪
8.8
579986人评价
故事的高级讲法。
80
沉默的羔羊
沉默的羔羊
导演: 乔纳森·戴米 Jonathan Demme主演: 朱迪·福斯特 Jodie Foster / 安...
1991/美国/剧情 犯罪 惊悚
8.8
577121人评价
安东尼·霍普金斯的顶级表演。
81
蝴蝶效应
蝴蝶效应
导演: 埃里克·布雷斯 Eric Bress / J·麦基·格鲁伯 J. Mackye Gruber主...
2004/美国 加拿大/剧情 悬疑 科幻 惊悚
8.8
641959人评价
人的命运被自己瞬间的抉择改变。
82
被嫌弃的松子的一生
花样奇缘(港)  /  令人讨厌的松子的一生(台)
导演: 中岛哲也 Tetsuya Nakashima主演: 中谷美纪 Miki Nakatani / 瑛太 E...
2006/日本/剧情 歌舞
8.9
519147人评价
以戏谑来戏谑戏谑。
83
海蒂和爷爷
飘零燕(港)  /  海蒂
导演: 阿兰·葛斯彭纳 Alain Gsponer主演: 阿努克·斯特芬 Anuk Steffen /...
2015/德国 瑞士 南非/剧情 冒险 家庭
9.2
235393人评价
如果生活中有什么使你感到快乐，那就去做吧！不要管别人说什么。
84
春光乍泄
一起快乐  /  Happy Together
导演: 王家卫 Kar Wai Wong主演: 张国荣 Leslie Cheung / 梁朝伟 Tony Leu...
1997/中国香港 日本 韩国/剧情 爱情 同性
8.9
431709人评价
爱情纠缠，男女一致。
85
禁闭岛
不赦岛(港)  /  隔离岛(台)
导演: Martin Scorsese主演: 莱昂纳多·迪卡普里奥 Leonardo DiCaprio / ...
2010/美国/剧情 悬疑 惊悚
8.8
639620人评价
昔日翩翩少年，今日大腹便便。
86
心灵捕手
骄阳似我(港)  /  心灵捕手
导演: 格斯·范·桑特 Gus Van Sant主演: 马特·达蒙 Matt Damon / 罗宾·...
1997/美国/剧情
8.9
478822人评价
人生中应该拥有这样的一段豁然开朗。
87
布达佩斯大饭店
布达佩斯大酒店(港)  /  欢迎来到布达佩斯大饭店(台)
导演: 韦斯·安德森 Wes Anderson主演: 拉尔夫·费因斯 Ralph Fiennes / ...
2014/美国 德国 英国/剧情 喜剧 冒险
8.8
605736人评价
小清新的故事里注入了大历史的情怀。
88
剪刀手爱德华
幻海奇缘(港)  /  剪刀手爱德华
导演: 蒂姆·波顿 Tim Burton主演: 约翰尼·德普 Johnny Depp / 薇诺娜·...
1990/美国/剧情 奇幻 爱情
8.7
779242人评价
浪漫忧郁的成人童话。
89
阿凡达
天神下凡(港)  /  化身
导演: 詹姆斯·卡梅隆 James Cameron主演: 萨姆·沃辛顿 Sam Worthington ...
2009/美国 英国/动作 科幻 冒险
8.7
921505人评价
绝对意义上的美轮美奂。
90
勇敢的心
惊世未了缘(港)  /  梅尔吉勃逊之英雄本色(台)
导演: 梅尔·吉布森 Mel Gibson主演: 梅尔·吉布森 Mel Gibson / 苏菲·玛...
1995/美国/动作 传记 剧情 历史 战争
8.9
433895人评价
史诗大片的典范。
91
摩登时代
The Masses  /  Temps modernes, Les
导演: 查理·卓别林 Charles Chaplin主演: 查理·卓别林 Charles Chaplin ...
1936/美国/剧情 喜剧 爱情
9.3
188668人评价
大时代中的人生，小人物的悲喜。
92
天使爱美丽
艾蜜莉的异想世界(台)  /  天使艾米莉
导演: 让-皮埃尔·热内 Jean-Pierre Jeunet主演: 奥黛丽·塔图 Audrey Tau...
2001/法国 德国/喜剧 爱情
8.7
747328人评价
法式小清新。 
93
加勒比海盗
加勒比海盗1：黑珍珠号的诅咒  /  神鬼奇航：鬼盗船魔咒(台)
导演: 戈尔·维宾斯基 Gore Verbinski主演: 约翰尼·德普 Johnny Depp / ...
2003/美国/动作 冒险 奇幻
8.7
610155人评价
约翰尼·德普的独角戏。
94
喜剧之王
King of Comedy
导演: 周星驰 Stephen Chow / 李力持 Lik-Chi Lee主演: 周星驰 Stephen Ch...
1999/中国香港/喜剧 剧情 爱情
8.7
636462人评价
我是一个演员。
95
致命ID
杀人游戏  /  致命身份
导演: 詹姆斯·曼高德 James Mangold主演: 约翰·库萨克 John Cusack / 雷...
2003/美国/剧情 悬疑 惊悚
8.8
536063人评价
最不可能的那个人永远是最可能的。
96
断背山
断臂山  /  BBM
导演: 李安 Ang Lee主演: 希斯·莱杰 Heath Ledger / 杰克·吉伦哈尔 Jake...
2005/美国 加拿大/剧情 爱情 同性 家庭
8.8
517920人评价
每个人心中都有一座断背山。
97
杀人回忆
谋杀回忆  /  杀手回忆录
导演: 奉俊昊 Joon-ho Bong主演: 宋康昊 Kang-ho Song / 金相庆 Sang-kyun...
2003/韩国/剧情 动作 犯罪 悬疑 惊悚
8.8
440891人评价
关于连环杀人悬案的集体回忆。
98
幽灵公主
魔法公主(台)  /  幽灵少女
导演: 宫崎骏 Hayao Miyazaki主演: 松田洋治 Yôji Matsuda / 石田百合...
1997/日本/动画 奇幻 冒险
8.9
380683人评价
人与自然的战争史诗。
99
狩猎
谎言的烙印(台)  /  诬网(港)
导演: 托马斯·温特伯格 Thomas Vinterberg主演: 麦斯·米科尔森 Mads Mik...
2012/丹麦 瑞典/剧情
9.1
236972人评价
人言可畏。
100
入殓师
礼仪师之奏鸣曲(港)  /  礼仪师(台)
导演: 泷田洋二郎 Yôjirô Takita主演: 本木雅弘 Masahiro Motoki / ...
2008/日本/剧情
8.8
440068人评价
死可能是一道门，逝去并不是终结，而是超越，走向下一程。
101
阳光灿烂的日子
In the Heat of the Sun
导演: 姜文 Wen Jiang主演: 夏雨 Yu Xia / 宁静 Jing Ning / 陶虹 Hong Tao
1994/中国大陆 中国香港/剧情 爱情
8.8
437065人评价
一场华丽的意淫。
102
重庆森林
Chungking Express
导演: 王家卫 Kar Wai Wong主演: 林青霞 Brigitte Lin / 金城武 Takeshi K...
1994/中国香港/剧情 爱情
8.7
549287人评价
寂寞没有期限。
103
请以你的名字呼唤我
以你的名字呼唤我(港 / 台) 
导演: 卢卡·瓜达尼诺 Luca Guadagnino主演: 艾米·汉莫 Armie Hammer / ...
2017/意大利 法国 巴西 美国 荷兰 德国/剧情 爱情 同性
8.9
419965人评价
沉醉在电影的情感和视听氛围中无法自拔。
104
第六感
灵异第六感  /  鬼眼
导演: M·奈特·沙马兰 M. Night Shyamalan主演: 布鲁斯·威利斯 Bruce Wi...
1999/美国/剧情 悬疑 惊悚
8.9
376106人评价
深入内心的恐怖，出人意料的结局。
105
哈利·波特与死亡圣器(下)
哈利波特7：死神的圣物2(港 / 台) 
导演: 大卫·叶茨 David Yates主演: 丹尼尔·雷德克里夫 Daniel Radcliffe...
2011/美国 英国/奇幻 冒险
8.8
504812人评价
10年的完美句点。
106
小森林 夏秋篇
小森食光 / 夏秋篇(台) 
导演: 森淳一 Junichi Mori主演: 桥本爱 Ai Hashimoto / 三浦贵大 Takahir...
2014/日本/剧情
9.0
281265人评价
那些静得只能听见呼吸的日子里，你明白孤独即生活。
107
7号房的礼物
戆爸的礼物(港)  /  7号囚房的礼物
导演: 李焕庆 Hwan-kyeong Lee主演: 柳承龙 Seung-yong Ryoo / 朴信惠 Shi...
2013/韩国/剧情 喜剧 家庭
8.9
347909人评价
《我是山姆》的《美丽人生》。
108
消失的爱人
失踪的女孩  /  失踪女孩
导演: 大卫·芬奇 David Fincher主演: 本·阿弗莱克 Ben Affleck / 罗莎蒙...
2014/美国/剧情 犯罪 悬疑 惊悚
8.7
618587人评价
年度最佳date movie。
109
红辣椒
盗梦侦探  /  帕布莉卡
导演: 今敏 Satoshi Kon主演: 林原惠美 Megumi Hayashibara / 江守彻 Toru...
2006/日本/动画 悬疑 科幻 惊悚
9.0
262175人评价
梦的勾结。
110
玛丽和马克思
巧克力情缘(台)  /  同是天涯寂寞客
导演: 亚当·艾略特 Adam Elliot主演: 托妮·科莱特 Toni Collette / 菲利...
2009/澳大利亚/剧情 喜剧 动画
8.9
322868人评价
你是我最好的朋友，你是我唯一的朋友 。
111
爱在黎明破晓前
情留半天(港)  /  爱在黎明破晓时(台)
导演: 理查德·林克莱特 Richard Linklater主演: 伊桑·霍克 Ethan Hawke ...
1995/美国 奥地利 瑞士/剧情 爱情
8.8
400614人评价
缘分是个连绵词，最美不过一瞬。
112
小森林 冬春篇
小森食光 / 冬春篇(台) 
导演: 森淳一 Junichi Mori主演: 桥本爱 Ai Hashimoto / 三浦贵大 Takahir...
2015/日本/剧情
9.0
247528人评价
尊敬他人，尊敬你生活的这片土地，明白孤独是人生的常态。
113
侧耳倾听
心之谷(台)  /  梦幻街少女(港)
导演: 近藤喜文 Yoshifumi Kondo主演: 本名阳子 Youko Honna / 小林桂树 K...
1995/日本/剧情 爱情 动画
8.9
309900人评价
少女情怀总是诗。
114
告白
自白  /  母亲
导演: 中岛哲也 Tetsuya Nakashima主演: 松隆子 Takako Matsu / 冈田将生 ...
2010/日本/剧情 惊悚
8.7
522773人评价
没有一人完全善，也没有一人完全恶。
115
一一
Yi yi  /  Yi yi: A One and a Two
导演: 杨德昌 Edward Yang主演: 吴念真 / 李凯莉 Kelly Lee / 金燕玲 Elai...
2000/中国台湾 日本/剧情 爱情 家庭
9.0
241050人评价
我们都曾经是一一。
116
大鱼
大鱼奇缘(港)  /  大智若鱼(台)
导演: 蒂姆·波顿 Tim Burton主演: 伊万·麦克格雷格 Ewan McGregor / 阿...
2003/美国/剧情 家庭 奇幻 冒险
8.8
404710人评价
抱着梦想而活着的人是幸福的，怀抱梦想而死去的人是不朽的。
117
阳光姐妹淘
阳光姊妹淘(港)  /  桑尼
导演: 姜炯哲 Hyeong-Cheol Kang主演: 沈恩京 Eun-kyung Shim / 闵孝琳 Hy...
2011/韩国/剧情 喜剧
8.8
440557人评价
再多各自牛逼的时光，也比不上一起傻逼的岁月。 
118
唐伯虎点秋香
Flirting Scholar
导演: 李力持 Lik-Chi Lee主演: 周星驰 Stephen Chow / 巩俐 Li Gong / 陈...
1993/中国香港/喜剧 爱情 古装
8.6
687565人评价
华太师是黄霑，吴镇宇四大才子之一。
119
蝙蝠侠：黑暗骑士崛起
蝙蝠侠前传3：黑暗骑士崛起  /  黑暗骑士：黎明升起(台)
导演: 克里斯托弗·诺兰 Christopher Nolan主演: 克里斯蒂安·贝尔 Christ...
2012/美国 英国/剧情 动作 科幻 犯罪 惊悚
8.8
492799人评价
诺兰就是保证。
120
射雕英雄传之东成西就
东成西就  /  大英雄 (日本)
导演: 刘镇伟 Jeffrey Lau主演: 梁朝伟 Tony Leung Chiu Wai / 林青霞 Bri...
1993/中国香港/喜剧 奇幻 武侠 古装
8.7
450793人评价
百看不厌。 
121
倩女幽魂
倩女幽魂(87版)  /  倩女幽魂：妖魔道
导演: 程小东 Siu-Tung Ching主演: 张国荣 Leslie Cheung / 王祖贤 Joey W...
1987/中国香港/爱情 奇幻 武侠 古装
8.7
486909人评价
两张绝世的脸。 
122
超脱
人间师格(台)
导演: 托尼·凯耶 Tony Kaye主演: 艾德里安·布洛迪 Adrien Brody / 马西...
2011/美国/剧情
8.9
311510人评价
穷尽一生，我们要学会的，不过是彼此拥抱。
123
甜蜜蜜
Comrades: Almost a Love Story
导演: 陈可辛 Peter Chan主演: 黎明 Leon Lai / 张曼玉 Maggie Cheung / ...
1996/中国香港/剧情 爱情
8.8
354566人评价
相逢只要一瞬间，等待却像是一辈子。
124
驯龙高手
驯龙记(港)
导演: 迪恩·德布洛斯 Dean DeBlois / 克里斯·桑德斯 Chris Sanders主演:...
2010/美国/动画 奇幻 冒险
8.7
522977人评价
和谐的生活离不开摸头与被摸头。
125
萤火之森
萤火之社  /  Hotarubi no mori e
导演: 大森贵弘 Takahiro Omori主演: 佐仓绫音 Ayane Sakura / 内山昂辉 K...
2011/日本/剧情 爱情 动画 奇幻
8.9
331198人评价
触不到的恋人。
126
恐怖直播
死亡“动”新闻(港)  /  恐怖攻击直播(台)
导演: 金秉祐 Byeong-woo Kim主演: 河正宇 Jung-woo Ha / 李璟荣 Kyeong-y...
2013/韩国/剧情 犯罪 悬疑
8.8
427757人评价
恐怖分子的“秋菊打官司”。
127
菊次郎的夏天
Kikujirô no natsu  /  菊次郎的夏天
导演: 北野武 Takeshi Kitano主演: 北野武 Takeshi Kitano / 关口雄介 Yus...
1999/日本/剧情 喜剧
8.8
347323人评价
从没见过那么流氓的温柔，从没见过那么温柔的流氓。
128
幸福终点站
机场客运站(港)  /  航站情缘(台)
导演: 史蒂文·斯皮尔伯格 Steven Spielberg主演: 汤姆·汉克斯 Tom Hanks...
2004/美国/喜剧 剧情 爱情
8.8
369708人评价
有时候幸福需要等一等。 
129
超能陆战队
大英雄联盟(港)  /  大英雄天团(台)
导演: 唐·霍尔 Don Hall / 克里斯·威廉姆斯 Chris Williams主演: 斯科特...
2014/美国/喜剧 动作 科幻 动画 冒险
8.7
675563人评价
Balalala~~~
130
无人知晓
谁知赤子心(港)  /  无人知晓的夏日清晨(台)
导演: 是枝裕和 Hirokazu Koreeda主演: 柳乐优弥 Yûya Yagira / 北浦爱...
2004/日本/剧情
9.1
179015人评价
我的平常生活就是他人的幸福。
131
爱在日落黄昏时
日落巴黎(港)  /  爱在日落巴黎时(台)
导演: 理查德·林克莱特 Richard Linklater主演: 伊桑·霍克 Ethan Hawke ...
2004/美国 法国/剧情 爱情
8.8
342247人评价
九年后的重逢是世俗和责任的交叠，没了悸动和青涩，沧桑而温暖。
132
借东西的小人阿莉埃蒂
借物少女艾莉缇(台)  /  借东西的小矮人亚莉亚蒂(港)
导演: 米林宏昌 Hiromasa Yonebayashi主演: 志田未来 Mirai Shida / 神木...
2010/日本/动画 奇幻 冒险
8.8
367781人评价
曾经的那段美好会沉淀为一辈子的记忆。
133
神偷奶爸
卑鄙的我  /  坏蛋奖门人(港)
导演: 皮艾尔·柯芬 Pierre Coffin / 克里斯·雷纳德 Chris Renaud主演: ...
2010/美国 法国/喜剧 动画 冒险
8.6
677090人评价
Mr. I Don&#39;t Care其实也有Care的时候。
134
怪兽电力公司
怪兽公司(港)  /  怪物公司
导演: 彼特·道格特 Pete Docter / 大卫·斯沃曼 David Silverman主演: 约...
2001/美国/儿童 喜剧 动画 奇幻 冒险
8.7
439663人评价
不要给它起名字，起了名字就有感情了。
135
完美的世界
强盗保镳
导演: 克林特·伊斯特伍德 Clint Eastwood主演: 凯文·科斯特纳 Kevin Cos...
1993/美国/剧情 犯罪
9.1
166915人评价
坏人的好总是比好人的好来得更感人。
136
玩具总动员3
反斗奇兵3(港)  /  玩具的故事3
导演: 李·昂克里奇 Lee Unkrich主演: 汤姆·汉克斯 Tom Hanks / 蒂姆·艾...
2010/美国/喜剧 动画 奇幻 冒险
8.8
341358人评价
跨度十五年的欢乐与泪水。
137
风之谷
风谷少女  /  Kaze no tani no Naushika
导演: 宫崎骏 Hayao Miyazaki主演: 岛本须美 Sumi Shimamoto / 松田洋治 Y...
1984/日本/动画 奇幻 冒险
8.9
273362人评价
动画片的圣经。
138
血战钢锯岭
钢锯岭  /  钢铁英雄(台)
导演: 梅尔·吉布森 Mel Gibson主演: 安德鲁·加菲尔德 Andrew Garfield /...
2016/美国 澳大利亚/剧情 传记 历史 战争
8.7
558434人评价
优秀的战争片不会美化战场，不会粉饰死亡，不会矮化敌人，不会无视常识，最重要的，不会宣扬战争。
139
上帝之城
无主之城 (港)  /  无法无天 (台)
导演: 费尔南多·梅里尔斯 Fernando Meirelles / 卡迪亚·兰德 Kátia Lund&nbsp...
2002/巴西 法国/犯罪 剧情
8.9
223498人评价
被上帝抛弃了的上帝之城。
140
傲慢与偏见
傲慢与偏见2005  /  Pride And Prejudice
导演: 乔·怀特 Joe Wright主演: 凯拉·奈特莉 Keira Knightley / 马修·...
2005/法国 英国 美国/剧情 爱情
8.6
517625人评价
爱是摈弃傲慢与偏见之后的曙光。
141
时空恋旅人
时空旅恋人  /  回到最爱的一天(港)
导演: 理查德·柯蒂斯 Richard Curtis主演: 多姆纳尔·格里森 Domhnall Gl...
2013/英国/喜剧 爱情 奇幻
8.7
372683人评价
把每天当作最后一天般珍惜度过，积极拥抱生活，就是幸福。
142
电锯惊魂
夺魂锯(台)  /  恐惧斗室(港)
导演: 詹姆斯·温 James Wan主演: 雷·沃纳尔 Leigh Whannell / 加利·艾...
2004/美国/悬疑 惊悚 恐怖
8.7
343114人评价
真相就在眼前。
143
教父3
教父第三集  /  教父 III
导演: 弗朗西斯·福特·科波拉 Francis Ford Coppola主演: 阿尔·帕西诺 A...
1990/美国/剧情 犯罪
8.9
235035人评价
任何信念的力量，都无法改变命运。
144
喜宴
The Wedding Banquet
导演: 李安 Ang Lee主演: 赵文瑄 Winston Chao / 郎雄 Sihung Lung / 归亚...
1993/中国台湾 美国/剧情 喜剧 爱情 同性 家庭
8.9
231361人评价
中国家庭的喜怒哀乐忍。
145
功夫
功夫3D  /  Kung Fu Hustle
导演: 周星驰 Stephen Chow主演: 周星驰 Stephen Chow / 元秋 Qiu Yuen / ...
2004/中国大陆 中国香港/动作 喜剧 犯罪 奇幻
8.5
630119人评价
警恶惩奸，维护世界和平这个任务就交给你了，好吗？
146
谍影重重3
叛谍追击3：最后通牒(港)  /  神鬼认证：最后通牒 (台)
导演: 保罗·格林格拉斯 Paul Greengrass主演: 马特·达蒙 Matt Damon / ...
2007/美国 德国/动作 悬疑 惊悚
8.8
298326人评价
像吃了苏打饼一样干脆的电影。
147
岁月神偷
1969太空漫游  /  Echoes Of The Rainbow
导演: 罗启锐 Alex Law主演: 吴君如 Sandra Ng / 任达华 Simon Yam / 钟绍...
2010/中国香港 中国大陆/剧情 家庭
8.7
443850人评价
岁月流逝，来日可追。
148
英雄本色
A Better Tomorrow  /  Gangland Boss
导演: 吴宇森 John Woo主演: 周润发 Yun-Fat Chow / 狄龙 Lung Ti / 张国...
1986/中国香港/剧情 动作 犯罪
8.7
339610人评价
英雄泪短，兄弟情长。 
149
被解救的姜戈
被解放的姜戈  /  决杀令(台)
导演: 昆汀·塔伦蒂诺 Quentin Tarantino主演: 杰米·福克斯 Jamie Foxx /...
2012/美国/剧情 动作 西部 冒险
8.7
422432人评价
热血沸腾，那个低俗、性感的无耻混蛋又来了。
150
七武士
七侠四义(港)  /  The Seven Samurai
导演: 黑泽明 Akira Kurosawa主演: 三船敏郎 Toshirô Mifune / 志村乔 ...
1954/日本/动作 冒险 剧情
9.2
128404人评价
时代悲歌。
151
天书奇谭
The Legend of Sealed Book  /  Secrets of the Heavenly Book
导演: 王树忱 Shuchen Wang / 钱运达 Yunda Qian主演: 丁建华 Jianhua Din...
1983(中国大陆)/中国大陆/动画 奇幻
9.2
134241人评价
传奇的年代，醉人的童话。
152
疯狂原始人
古鲁家族(港 / 台) 
导演: 科克·德·米科 Kirk De Micco / 克里斯·桑德斯 Chris Sanders主演...
2013/美国/喜剧 动画 冒险
8.7
599620人评价
老少皆宜，这就是好莱坞动画的魅力。
153
哪吒闹海
Prince Nezha&#39;s Triumph Against Dragon King  /  Nezha nao hai
导演: 严定宪 Dingxian Yan / 王树忱 Shuchen Wang主演: 梁正晖 Zhenghui ...
1979/中国大陆/冒险 动画 奇幻
9.1
165889人评价
想你时你在闹海。
154
我是山姆
不一样的爸爸(港)  /  他不笨，他是我爸爸(台)
导演: 杰茜·尼尔森 Jessie Nelson主演: Sean Penn / Dakota Fanning / Mi...
2001/美国/剧情 家庭
8.9
201671人评价
爱并不需要智商 。
155
心迷宫
殡棺  /  The Coffin in the Mountain
导演: 忻钰坤 Yukun Xin主演: 霍卫民 Weimin Huo / 王笑天 Xiaotian Wang ...
2014/中国大陆/剧情 犯罪 悬疑
8.7
334352人评价
荒诞讽刺，千奇百巧，抽丝剥茧，百转千回。
156
三块广告牌
意外(台)  /  广告牌杀人事件(港)
导演: 马丁·麦克唐纳 Martin McDonagh主演: 弗兰西斯·麦克多蒙德 France...
2017/美国 英国/剧情 犯罪
8.7
585537人评价
怼天怼地，你走后，她与世界为敌。
157
萤火虫之墓
再见萤火虫(港)  /  萤火挽歌
导演: 高畑勋 Isao Takahata主演: 辰己努 / 白石绫乃 / 志乃原良子
1988/日本/动画 剧情 战争
8.7
310764人评价
幸福是生生不息，却难以触及的远。 
158
纵横四海
Once a Thief
导演: 吴宇森 John Woo主演: 周润发 Yun-Fat Chow / 张国荣 Leslie Cheung...
1991/中国香港/剧情 喜剧 动作 犯罪
8.8
275225人评价
香港浪漫主义警匪动作片的巅峰之作。
159
真爱至上
爱是您，爱是我(台)  /  真的恋爱了(港)
导演: 理查德·柯蒂斯 Richard Curtis主演: 休·格兰特 Hugh Grant / 柯林...
2003/英国 美国 法国/喜剧 剧情 爱情
8.6
506396人评价
爱，是个动词。
160
人生果实
积存时间的生活(台)  /  人生水果
导演: 伏原健之 Kenshi Fushihara主演: 津端修一 Shûichi Tsubata / 津...
2017/日本/纪录片
9.5
81362人评价
土壤没有落叶不会肥沃，没有了你就不算人生。
161
达拉斯买家俱乐部
续命枭雄(港)  /  药命俱乐部(台)
导演: 让-马克·瓦雷 Jean-Marc Vallée主演: 马修·麦康纳 Matthew McCon...
2013/美国/剧情 传记 同性
8.8
311807人评价
Jared Leto的腿比女人还美！
162
头号玩家
玩家一号  /  挑战者1号(港)
导演: 史蒂文·斯皮尔伯格 Steven Spielberg主演: 泰伊·谢里丹 Tye Sheri...
2018/美国/动作 科幻 冒险
8.7
978131人评价
写给影迷，动漫迷和游戏迷的一封情书。
163
东邪西毒
Ashes of Time
导演: 王家卫 Kar Wai Wong主演: 张国荣 Leslie Cheung / 林青霞 Brigitte...
1994/中国香港 中国台湾/剧情 动作 爱情 武侠 古装
8.6
419812人评价
电影诗。
164
荒蛮故事
蛮荒故事  /  生命中最抓狂的小事(台)
导演: 达米安·斯兹弗隆 Damián Szifron主演: 达里奥·葛兰帝内提 Darío...
2014/阿根廷 西班牙/剧情 喜剧 犯罪
8.8
281933人评价
始于荒诞，止于更荒诞。
165
爆裂鼓手
鼓动真我(港)  /  进击的鼓手(台)
导演: 达米恩·查泽雷 Damien Chazelle主演: 迈尔斯·特勒 Miles Teller /...
2014/美国/剧情 音乐
8.7
382112人评价
这个世界从不善待努力的人，努力了也不一定会成功，但是知道自己在努力，就是活下去的动力。
166
记忆碎片
失忆  /  记忆拼图(台)
导演: 克里斯托弗·诺兰 Christopher Nolan主演: 盖·皮尔斯 Guy Pearce /...
2000/美国/犯罪 剧情 悬疑 惊悚
8.6
426482人评价
一个针管引发的血案。
167
贫民窟的百万富翁
贫民百万富翁(台)  /  一百万零一夜(港)
导演: 丹尼·鲍尔 Danny Boyle / 洛芙琳·坦丹 Loveleen Tandan主演: 戴夫...
2008/英国 美国/剧情 爱情
8.6
551623人评价
上帝之城+猜火车+阿甘正传+开心辞典=山寨富翁
168
黑天鹅
夺命黑天鹅  /  霸王别鹅(豆友译名)
导演: 达伦·阿罗诺夫斯基 Darren Aronofsky主演: 娜塔莉·波特曼 Natalie...
2010/美国/剧情 惊悚
8.6
617873人评价
黑暗之美。
169
釜山行
尸速列车(台)  /  尸杀列车(港)
导演: 延尚昊 Sang-ho Yeon主演: 孔侑 Yoo Gong / 郑有美 Yu-mi Jung / 马...
2016/韩国/动作 惊悚 灾难
8.5
757526人评价
揭露人性的丧尸题材力作。
170
花样年华
In the Mood for Love
导演: 王家卫 Kar Wai Wong主演: 梁朝伟 Tony Leung Chiu Wai / 张曼玉 Ma...
2000/中国香港/剧情 爱情
8.6
390789人评价
偷情本没有这样美。
171
你的名字。
你的名字  /  君之名
导演: 新海诚 Makoto Shinkai主演: 神木隆之介 Ryûnosuke Kamiki / 上...
2016/日本/剧情 爱情 动画
8.4
937225人评价
穿越错位的时空，仰望陨落的星辰，你没留下你的名字，我却无法忘记那句“我爱你”。
172
卢旺达饭店
卢安达饭店(台)
导演: 特瑞·乔治 Terry George主演: 唐·钱德尔 Don Cheadle / 苏菲·奥...
2004/英国 南非 意大利/剧情 历史 战争
8.9
197188人评价
当这个世界闭上双眼，他却敞开了怀抱。
173
忠犬八公物语
八千公物语  /  阿八的故事
导演: Seijirô Kôyama主演: 山本圭 Kei Yamamoto / 井川比佐志 Hisa...
1987/日本/剧情
9.2
125059人评价
养狗三日，便会对你终其一生。
174
头脑特工队
玩转脑朋友(港)  /  脑筋急转弯(台)
导演: 彼特·道格特 Pete Docter / 罗纳尔多·德尔·卡门 Ronaldo Del Carmen&nb...
2015/美国/喜剧 动画 冒险
8.7
402284人评价
愿我们都不用长大，每一座城堡都能永远存在。
175
模仿游戏
解码游戏(港)  /  模拟游戏
导演: 莫滕·泰杜姆 Morten Tyldum主演: 本尼迪克特·康伯巴奇 Benedict C...
2014/英国 美国/剧情 传记 战争 同性
8.7
416765人评价
他给机器起名“克里斯托弗”，因为这是他初恋的名字。
176
黑客帝国3：矩阵革命
骇客任务完结篇：最后战役  /  廿二世纪杀人网络3：惊变世纪
导演: Andy Wachowski / Larry Wachowski主演: 基努·里维斯 Keanu Reeves...
2003/美国 澳大利亚/动作 科幻
8.7
282848人评价
不得不说，《黑客帝国》系列是商业片与科幻、哲学完美结合的典范。
177
雨人
手足情未了(港)  /  手足情深
导演: 巴瑞·莱文森 Barry Levinson主演: 达斯汀·霍夫曼 Dustin Hoffman ...
1988/美国/剧情
8.7
300453人评价
生活在自己的世界里，也可以让周围的人显得可笑和渺小。
178
一个叫欧维的男人决定去死
明天别再来敲门(台)  /  想死冇咁易(港)
导演: 汉内斯·赫尔姆 Hannes Holm主演: 罗夫·拉斯加德 Rolf Lassgård...
2015/瑞典/剧情
8.8
246189人评价
惠及一生的美丽。
179
你看起来好像很好吃
你看起来很好吃(台)  /  你看上去好像很好吃
导演: 藤森雅也 Masaya Fujimori主演: 山口胜平 Kappei Yamaguchi / 爱河...
2010/日本/剧情 动画 儿童
8.9
238048人评价
感情不分食草或者食肉。
180
无敌破坏王
破坏王拉尔夫  /  破坏王大冒险
导演: 瑞奇·莫尔 Rich Moore主演: 约翰·C·赖利 John C. Reilly / 萨拉...
2012/美国/喜剧 动画 奇幻 冒险
8.7
366104人评价
迪士尼和皮克斯拿错剧本的产物。
181
未麻的部屋
蓝色的恐惧  /  蓝色恐惧
导演: 今敏 Satoshi Kon主演: 岩男润子 Junko Iwao / 松本梨香 Rica Matsu...
1997/日本/动画 奇幻 惊悚
8.9
179008人评价
好的剧本是，就算你猜到了结局也猜不到全部。
182
哈利·波特与阿兹卡班的囚徒
哈利波特3：阿兹卡班的逃犯(港 / 台) 
导演: Alfonso Cuarón主演: 丹尼尔·雷德克里夫 Daniel Radcliffe / Emma...
2004/英国 美国/奇幻 冒险
8.6
365679人评价
不一样的导演，不一样的哈利·波特。
183
恋恋笔记本
忘了·忘不了(港)  /  手札情缘(台)
导演: 尼克·卡索维茨 Nick Cassavetes主演: 瑞恩·高斯林 Ryan Gosling /...
2004/美国/剧情 爱情
8.5
454140人评价
爱情没有那么多借口，如果不能圆满，只能说明爱的不够。 
184
冰川时代
冰河世纪  /  冰原历险记
导演: 卡洛斯·沙尔丹哈 Carlos Saldanha / 克里斯·韦奇 Chris Wedge主演...
2002/美国/喜剧 动画 冒险
8.6
440796人评价
松鼠才是角儿。
185
海街日记
海街女孩日记(港)  /  Kamakura Diary
导演: 是枝裕和 Hirokazu Koreeda主演: 绫濑遥 Haruka Ayase / 长泽雅美 M...
2015/日本/剧情 家庭
8.8
264607人评价
是枝裕和的家庭习作。
186
海边的曼彻斯特
情系海边之城(港)
导演: 肯尼斯·罗纳根 Kenneth Lonergan主演: 卡西·阿弗莱克 Casey Affle...
2016/美国/剧情 家庭
8.6
341532人评价
我们都有权利不与自己的过去和解。
187
哈利·波特与密室
哈利波特2：消失的密室(港 / 台) 
导演: Chris Columbus主演: 丹尼尔·雷德克里夫 Daniel Radcliffe / 艾玛...
2002/美国 英国 德国/奇幻 冒险
8.6
384645人评价
魔法的密室之门已打开...
188
新世界
暗黑新世界(台)  /  New World
导演: 朴勋政 Hoon-jung Park主演: 李政宰 Jung-Jae Lee / 崔岷植 Min-sik...
2013/韩国/剧情 犯罪
8.8
215401人评价
要做就做得狠一点，这样才能活下去。
189
二十二
Twenty Two  /  22
导演: 郭柯 Ke Guo主演: 
2015/中国大陆/纪录片
8.7
205152人评价
有一些东西不应该被遗忘。
190
虎口脱险
横冲直撞出重围(港)  /  大進擊(台)
导演: 杰拉尔·乌里 Gérard Oury主演: 路易·德·菲耐斯 Louis de Funès...
1966/法国 英国/喜剧 战争
8.9
163376人评价
永远看不腻的喜剧。
191
房间
不存在的房间(台)  /  抖室(港)
导演: 伦尼·阿伯拉罕森 Lenny Abrahamson主演: 布丽·拉尔森 Brie Larson...
2015/爱尔兰 加拿大 英国 美国/剧情 家庭
8.8
273564人评价
被偷走的岁月，被伤害的生命，被禁锢的灵魂，终将被希望和善意救赎。
192
恐怖游轮
汪洋血迷宮(台)  /  轮回三角
导演: 克里斯托弗·史密斯 Christopher Smith主演: 梅利莎·乔治 Melissa ...
2009/英国 澳大利亚/剧情 悬疑 惊悚
8.5
543656人评价
不要企图在重复中寻找已经失去的爱。
193
雨中曲
雨中情  /  万花嬉春
导演: 斯坦利·多南 Stanley Donen / 吉恩·凯利 Gene Kelly主演: 吉恩·...
1952/美国/喜剧 歌舞 爱情
9.0
142923人评价
骨灰级歌舞片。
194
人工智能
AI人工智慧
导演: 史蒂文·斯皮尔伯格 Steven Spielberg主演: 海利·乔·奥斯蒙 Haley...
2001/美国/冒险 剧情 科幻
8.6
303021人评价
对爱的执着，可以超越一切。
195
魔女宅急便
魔女琪琪(台)  /  小魔女限时专送
导演: 宫崎骏 Hayao Miyazaki主演: 高山南 Minami Takayama / 佐久间玲 Re...
1989/日本/动画 奇幻 冒险
8.6
322959人评价
宫崎骏的电影总让人感觉世界是美好的，阳光明媚的。
196
惊魂记
精神病患者  /  触目惊心
导演: 阿尔弗雷德·希区柯克 Alfred Hitchcock主演: 安东尼·博金斯 Antho...
1960/美国/悬疑 惊悚 恐怖
9.0
155716人评价
故事的反转与反转，分裂电影的始祖。
197
奇迹男孩
奇迹
导演: 斯蒂芬·卓博斯基 Stephen Chbosky主演: 雅各布·特伦布莱 Jacob Tr...
2017/美国 中国香港/剧情 儿童 家庭
8.6
398224人评价
世界不完美，爱会有奇迹。
198
疯狂的石头
Crazy Stone
导演: 宁浩 Hao Ning主演: 郭涛 Tao Guo / 刘桦 Hua Liu / 连晋 Teddy Lin
2006/中国大陆 中国香港/喜剧 犯罪
8.4
550057人评价
中国版《两杆大烟枪》。
199
海洋
Oceans  /  海洋
导演: 雅克·贝汉 Jacques Perrin / 雅克·克鲁奥德 Jacques Cluzaud主演:...
2009/法国 瑞士 西班牙 美国 阿联酋/纪录片
9.1
127121人评价
大海啊，不全是水。
200
罗生门
Rashomon
导演: 黑泽明 Akira Kurosawa主演: 三船敏郎 Toshirô Mifune / 京町子 ...
1950/日本/剧情 犯罪 悬疑
8.8
209662人评价
人生的N种可能性。
201
燃情岁月
秋日传奇  /  真爱一世情(台)
导演: 爱德华·兹威克 Edward Zwick主演: 布拉德·皮特 Brad Pitt / 安东...
1994/美国/剧情 爱情 战争 西部
8.8
208660人评价
传奇，不是每个人都可以拥有。
202
终结者2：审判日
终结者2  /  终结者2：末日审判
导演: 詹姆斯·卡梅隆 James Cameron主演: 阿诺·施瓦辛格 Arnold Schwarz...
1991/美国 法国/动作 科幻
8.7
242919人评价
少见的超越首部的续集，动作片中的经典。
203
魂断蓝桥
滑铁卢桥  /  断桥残梦
导演: 茂文·勒鲁瓦 Mervyn LeRoy主演: 费雯·丽 Vivien Leigh / 罗伯特·...
1940/美国/剧情 爱情 战争
8.8
191145人评价
中国式内在的美国电影。
204
爱在午夜降临前
爱在午夜希腊时(台)  /  情约半生(港)
导演: 理查德·林克莱特 Richard Linklater主演: 伊桑·霍克 Ethan Hawke ...
2013/美国 希腊/剧情 爱情
8.8
213263人评价
所谓爱情，就是话唠一路，都不会心生腻烦，彼此嫌弃。
205
穿越时空的少女
跳跃吧！时空少女(台)  /  Toki o kakeru shôjo
导演: 细田守 Mamoru Hosoda主演: 仲里依纱 Riisa Naka / 石田卓也 Takuya...
2006/日本/剧情 爱情 科幻 动画
8.6
286039人评价
爱上未来的你。 
206
初恋这件小事
初恋那件小事(港)  /  暗恋那点小事
导演: 普特鹏·普罗萨卡·那·萨克那卡林 Puttipong Promsaka Na Sakolnakorn / 华森·波克彭...
2010/泰国/剧情 喜剧 爱情
8.4
736441人评价
黑小鸭速效美白记。
207
可可西里
Kekexili: Mountain Patrol
导演: 陆川 Chuan Lu主演: 多布杰 Duobujie / 张磊 Lei Zhang / 亓亮 Qi L...
2004/中国大陆 中国香港/剧情 犯罪
8.8
201265人评价
坚硬的信仰。
208
小偷家族
Shoplifters  /  Une Affaire de Famille
导演: 是枝裕和 Hirokazu Koreeda主演: 中川雅也 Lily Franky / 安藤樱 Sa...
2018/日本/剧情 犯罪 家庭
8.7
557829人评价
我们组成了家。
209
绿里奇迹
绿色奇迹(台)  /  绿色英里
导演: Frank Darabont主演: 汤姆·汉克斯 Tom Hanks / 大卫·摩斯 David M...
1999/美国/犯罪 剧情 奇幻 悬疑
8.8
182737人评价
天使暂时离开。
210
2001太空漫游
2001：星际漫游  /  2001：太空奥德赛
导演: 斯坦利·库布里克 Stanley Kubrick主演: 凯尔·杜拉 Keir Dullea / ...
1968/英国 美国/科幻 惊悚 冒险
8.8
190700人评价
现代科幻电影的开山之作，最伟大导演的最伟大影片。
211
完美陌生人
完美谎情(港)  /  波动的信息分享
导演: 保罗·格诺维瑟 Paolo Genovese主演: 马可·贾利尼 Marco Giallini ...
2016/意大利/剧情 喜剧
8.5
388073人评价
来啊，互相伤害啊！
212
牯岭街少年杀人事件
A Brighter Summer Day
导演: 杨德昌 Edward Yang主演: 张震 Chen Chang / 杨静怡 Lisa Yang / 张...
1991/中国台湾/剧情 犯罪
8.8
176079人评价
弱者送给弱者的一刀。
213
无耻混蛋
恶棍特工(台)  /  希魔撞正杀人狂(港)
导演: Quentin Tarantino主演: 布拉德·皮特 Brad Pitt / 梅拉尼·罗兰 M...
2009/德国 美国/剧情 犯罪
8.6
341963人评价
昆汀同学越来越变态了，比北野武还杜琪峰。
214
阿飞正传
Days of Being Wild
导演: 王家卫 Kar Wai Wong主演: 张国荣 Leslie Cheung / 张曼玉 Maggie C...
1990/中国香港/犯罪 剧情 爱情
8.5
343235人评价
王家卫是一种风格，张国荣是一个代表。
215
香水
香水：一个杀人犯的故事  /  香水：一个谋杀犯的故事
导演: 汤姆·提克威 Tom Tykwer主演: 本·卫肖 Ben Whishaw / 艾伦·瑞克...
2006/德国 法国 西班牙 美国/剧情 犯罪 奇幻
8.5
408030人评价
一个单凭体香达到高潮的男人。
216
新龙门客栈
New Dragon Gate Inn
导演: 李惠民 Raymond Lee主演: 张曼玉 Maggie Cheung / 林青霞 Brigitte ...
1992/中国香港 中国大陆/动作 爱情 武侠 古装
8.6
305869人评价
嬉笑怒骂，调风动月。
217
源代码
启动原始码(台)  /  危机解密(港)
导演: 邓肯·琼斯 Duncan Jones主演: 杰克·吉伦哈尔 Jake Gyllenhaal / ...
2011/美国 加拿大/科幻 悬疑 惊悚
8.4
587377人评价
邓肯·琼斯继《月球》之后再度奉献出一部精彩绝伦的科幻佳作。
218
谍影重重2
叛谍追击2：机密圈套(港)  /  神鬼认证：神鬼疑云(台)
导演: 保罗·格林格拉斯 Paul Greengrass主演: 马特·达蒙 Matt Damon / ...
2004/美国 德国/动作 悬疑 惊悚
8.6
252081人评价
谁说王家卫镜头很晃？
219
城市之光
City Lights: A Comedy Romance in Pantomime  /  Lichter der Großstadt
导演: Charles Chaplin主演: 查理·卓别林 Charles Chaplin / 弗吉尼亚·...
1931/美国/喜剧 剧情 爱情
9.3
83281人评价
永远的小人物，伟大的卓别林。
220
谍影重重
叛谍追击(港)  /  神鬼认证(台)
导演: 道格·里曼 Doug Liman主演: 马特·达蒙 Matt Damon / 弗兰卡·波坦...
2002/美国 德国 捷克/动作 悬疑 惊悚
8.6
301466人评价
哗啦啦啦啦，天在下雨，哗啦啦啦啦，云在哭泣……找自己。
221
猜火车
迷幻列车(港)  /  定位的火车
导演: 丹尼·博伊尔 Danny Boyle主演: 伊万·麦克格雷格 Ewan McGregor / ...
1996/英国/剧情 犯罪
8.5
332540人评价
不可猜的青春迷笛。 
222
青蛇
Green Snake
导演: 徐克 Hark Tsui主演: 张曼玉 Maggie Cheung / 王祖贤 Joey Wang / ...
1993/中国香港/剧情 爱情 奇幻 古装
8.5
351961人评价
人生如此，浮生如斯。谁人言，花彼岸，此生情长意短。谁都是不懂爱的罢了。
223
战争之王
军火之王(台 / 港) 
导演: 安德鲁·尼科尔 Andrew Niccol主演: 尼古拉斯·凯奇 Nicolas Cage /...
2005/美国 法国/剧情 犯罪
8.6
254367人评价
做一颗让别人需要你的棋子。
224
地球上的星星
心中的小星星(台)  /  每一个孩子都是特别的
导演: 阿米尔·汗 Aamir Khan主演: 达席尔·萨法瑞 Darsheel Safary / 阿...
2007/印度/剧情 儿童 家庭
8.9
143370人评价
天使保护事件始末。
225
血钻
血钻石(台)  /  血腥钻石
导演: 爱德华·兹威克 Edward Zwick主演: 莱昂纳多·迪卡普里奥 Leonardo ...
2006/美国 德国/剧情 惊悚 冒险
8.6
242406人评价
每个美丽事物背后都是滴血的现实。
226
朗读者
为爱朗读(台)  /  读爱(港)
导演: 史蒂芬·戴德利 Stephen Daldry主演: 凯特·温丝莱特 Kate Winslet ...
2008/美国 德国/剧情 爱情
8.6
362013人评价
当爱情跨越年龄的界限，它似乎能变得更久远一点，成为一种责任，一种水到渠成的相濡以沫。 
227
浪潮
恶魔教室(台)  /  白恤暴潮(港)
导演: 丹尼斯·甘塞尔 Dennis Gansel主演: 尤尔根·沃格尔 Jürgen Vogel ...
2008/德国/剧情 惊悚
8.7
196826人评价
世界离独裁只有五天。
228
色，戒
色|戒  /  色·戒
导演: 李安 Ang Lee主演: 梁朝伟 Tony Leung Chiu Wai / 汤唯 Wei Tang / ...
2007/中国台湾 中国大陆 美国 中国香港/剧情 爱情 情色
8.4
458489人评价
假戏真情，爱欲深海
229
彗星来的那一夜
相干性  /  相干效应
导演: 詹姆斯·沃德·布柯特 James Ward Byrkit主演: 艾米丽·芭尔多尼 Em...
2013/美国 英国/科幻 悬疑 惊悚
8.5
342200人评价
小成本大魅力。
230
遗愿清单
玩转身前事(港)  /  一路玩到挂(台)
导演: 罗伯·莱纳 Rob Reiner主演: 杰克·尼科尔森 Jack Nicholson / 摩根...
2007/美国/冒险 喜剧 剧情
8.6
248879人评价
用剩余不多的时间，去燃烧整个生命。
231
疯狂的麦克斯4：狂暴之路
末日先锋：战甲飞车(港)  /  疯狂麦斯：愤怒道(台)
导演: 乔治·米勒 George Miller主演: 汤姆·哈迪 Tom Hardy / 查理兹·塞...
2015/澳大利亚 美国/动作 科幻 冒险
8.6
353917人评价
“多么美好的一天！”轰轰轰砰咚，啪哒哒哒轰隆隆，磅~
232
大佛普拉斯
The Great Buddha+
导演: 黄信尧 Hsin-yao Huang主演: 庄益增 Yizeng Zhuang / 陈竹昇 Chu-sh...
2017/中国台湾/剧情 喜剧 犯罪
8.7
255560人评价
人们可以登上月球，却永远无法探索人们内心的宇宙。
233
步履不停
横山家之味(港 / 台) 
导演: 是枝裕和 Hirokazu Koreeda主演: 阿部宽 Hiroshi Abe / 夏川结衣 Yu...
2008/日本/剧情 家庭
8.8
171633人评价
日本的家庭电影已经是世界巅峰了，步履不停是巅峰中的佳作。
234
小萝莉的猴神大叔
娃娃返乡任务(台)  /  宝莱坞之钢铁奶爸(台)
导演: 卡比尔·汗 Kabir Khan主演: 萨尔曼·汗 Salman Khan / 哈莎莉·马...
2015/印度/剧情 喜剧 动作
8.4
337241人评价
宝莱坞的萝莉与大叔。
235
再次出发之纽约遇见你
再次出发  /  歌曲改变人生
导演: 约翰·卡尼 John Carney主演: 凯拉·奈特莉 Keira Knightley / 马克...
2013/美国/喜剧 爱情 音乐
8.5
289721人评价
爱我就给我看你的播放列表。
236
聚焦
焦点追击(港)  /  惊爆焦点(台)
导演: 托马斯·麦卡锡 Thomas McCarthy主演: 马克·鲁弗洛 Mark Ruffalo /...
2015/美国/剧情 传记
8.8
201462人评价
新闻人的理性求真。
237
追随
跟踪(台)  /  致命追踪
导演: 克里斯托弗·诺兰 Christopher Nolan主演: 杰里米·西奥伯德 Jeremy...
1998/英国/犯罪 悬疑 惊悚
8.9
126449人评价
诺兰的牛逼来源于内心散发出的恐惧。
238
东京物语
东京故事  /  Tokyo Story
导演: 小津安二郎 Yasujirô Ozu主演: 笠智众 Chishû Ryû / 原节...
1953/日本/剧情 家庭
9.2
86926人评价
东京那么大，如果有一天走失了，恐怕一辈子不能再相见。
239
驴得水
Mr. Donkey
导演: 周申 Shen Zhou / 刘露 Lu Liu主演: 任素汐 Suxi Ren / 大力 Da Li ...
2016/中国大陆/剧情 喜剧
8.3
633072人评价
过去的如果就让它过去了，未来只会越来越糟！
240
一次别离
分居风暴(台)  /  伊朗式分居(港)
导演: 阿斯哈·法哈蒂  Asghar Farhadi主演: 佩曼·莫阿迪 Peyman Moadi /...
2011/伊朗 法国/剧情 家庭
8.7
190527人评价
只有有信仰的人才能说出事实真相。
241
黑鹰坠落
黑鹰15小时(港)  /  黑鹰计划(台)
导演: 雷德利·斯科特 Ridley Scott主演: 乔什·哈奈特 Josh Hartnett / ...
2001/美国/动作 历史 战争
8.7
201234人评价
还原真实而残酷的战争。
242
千钧一发
变种异煞  /  自然人
导演: 安德鲁·尼科尔 Andrew Niccol主演: 伊桑·霍克 Ethan Hawke / 乌玛...
1997/美国/剧情 科幻 惊悚
8.8
163485人评价
一部能引人思考的科幻励志片。
243
我爱你
爱你  /  爱，是一生相伴(台)
导演: 秋昌民 Chang-min Choo主演: 宋在河 Jae-ho Song / 李顺载 Soon-jae...
2011/韩国/剧情 爱情
9.0
103908人评价
你要相信，这世上真的有爱存在，不管在什么年纪 
244
发条橙
发条桔子  /  发条橙子
导演: Stanley Kubrick主演: Malcolm McDowell / Patrick Magee / Michael...
1971/英国 美国/犯罪 剧情 科幻
8.5
272357人评价
我完全康复了。
245
四个春天
Four Springs
导演: 陆庆屹 Lu Qing Yi主演: 陆运坤 Yunkun Lu / 李桂贤 Guixian Li / ...
2017/中国大陆/纪录片 家庭
8.9
112029人评价
来也匆匆去也匆匆，就这样风雨兼程。
246
网络谜踪
人肉搜寻(港)  /  人肉搜索(台)
导演: 阿尼什·查甘蒂 Aneesh Chaganty主演: 约翰·赵 John Cho / 米切尔...
2018/美国 俄罗斯/剧情 犯罪 悬疑 惊悚
8.6
364715人评价
生病的E.T.皮肤的颜色就像柿子饼。
248
撞车
冲击效应  /  冲撞
导演: 保罗·哈吉斯 Paul Haggis主演: 桑德拉·布洛克 Sandra Bullock / ...
2004/美国 德国/犯罪 剧情
8.6
244208人评价
天使与魔鬼的冲撞。
249
变脸
夺面双雄  /  夺命双雄
导演: 吴宇森 John Woo主演: 约翰·特拉沃尔塔 John Travolta / 尼古拉斯...
1997/美国/动作 科幻 犯罪 惊悚
8.5
309881人评价
当发哥的风衣、墨镜出现在了凯奇身上⋯⋯
250
梦之安魂曲
噩梦挽歌(台)  /  迷上瘾(港)
导演: 达伦·阿伦诺夫斯基 Darren Aronofsky主演: 艾伦·伯斯汀 Ellen Bur...
2000/美国/剧情
8.7
160042人评价
一场没有春天的噩梦。
